2020-02-03 11:50:58,763 NanoPlot 1.28.2 started with arguments Namespace(N50=False, alength=False, bam=None, barcoded=False, color='#4CB391', colormap='Greens', cram=None, downsample=None, dpi=100, drop_outliers=False, fasta=None, fastq=None, fastq_minimal=None, fastq_rich=None, font_scale=1, format='png', hide_stats=False, huge=False, listcolormaps=False, listcolors=False, loglength=True, maxlength=None, minlength=None, minqual=None, no_N50=False, outdir='summary-plots_b07', path='summary-plots_b07/', percentqual=False, pickle=None, plots=['kde', 'dot'], prefix='', raw=False, readtype='1D', runtime_until=None, store=False, summary=['bc/sequencing_summary.txt'], threads=4, title=None, ubam=None, verbose=False)
2020-02-03 11:50:58,764 Python version is: 3.6.7 | packaged by conda-forge | (default, Feb 28 2019, 09:07:38)  [GCC 7.3.0]
2020-02-03 11:50:58,918 NanoPlot:  valid output format png
2020-02-03 11:50:58,942 Nanoget: Collecting metrics from summary file bc/sequencing_summary.txt for 1D sequencing
2020-02-03 11:51:18,346 Nanoget: Finished collecting statistics from summary file bc/sequencing_summary.txt
2020-02-03 11:51:19,540 Reduced DataFrame memory usage from 145.96929931640625Mb to 79.06670379638672Mb
2020-02-03 11:51:20,759 Nanoget: Gathered all metrics of 3188748 reads
2020-02-03 11:51:23,809 Calculated statistics
2020-02-03 11:51:23,811 Using sequenced read lengths for plotting.
2020-02-03 11:51:23,979 Using log10 scaled read lengths.
2020-02-03 11:51:24,281 NanoPlot:  Valid color #4CB391.
2020-02-03 11:51:24,282 NanoPlot:  Valid colormap Greens.
2020-02-03 11:51:24,451 NanoPlot:  Creating length plots for Read length.
2020-02-03 11:51:24,469 NanoPlot:  Using 3188748 reads maximum of 114740bp.
2020-02-03 11:51:37,168 Nanoplotter: orca not found, not creating static image of html. See https://github.com/plotly/orca
2020-02-03 11:51:37,168 Image generation requires the psutil package.

Install using pip:
    $ pip install psutil

Install using conda:
    $ conda install psutil
Traceback (most recent call last):
  File "/home_bif/60110700001/miniconda3/envs/ont_assembly/lib/python3.6/site-packages/nanoplotter/plot.py", line 60, in save_static
    pio.write_image(self.fig, self.path.replace('html', 'png'))
  File "/home_bif/60110700001/miniconda3/envs/ont_assembly/lib/python3.6/site-packages/plotly/io/_orca.py", line 1767, in write_image
    fig, format=format, scale=scale, width=width, height=height, validate=validate
  File "/home_bif/60110700001/miniconda3/envs/ont_assembly/lib/python3.6/site-packages/plotly/io/_orca.py", line 1532, in to_image
    ensure_server()
  File "/home_bif/60110700001/miniconda3/envs/ont_assembly/lib/python3.6/site-packages/plotly/io/_orca.py", line 1370, in ensure_server
    """
ValueError: Image generation requires the psutil package.

Install using pip:
    $ pip install psutil

Install using conda:
    $ conda install psutil

2020-02-03 11:51:58,009 Created length plots
2020-02-03 11:51:58,355 NanoPlot:  Creating Read lengths vs Average read quality plots using statistics from 3188748 reads.
2020-02-03 11:52:22,920 NanoPlot:  Creating Read lengths vs Average read quality plots using statistics from 3188748 reads.
2020-02-03 11:53:00,362 Created LengthvsQual plot
2020-02-03 11:53:00,363 Nanoplotter: Creating heatmap of reads per channel using 3188748 reads.
2020-02-03 11:53:00,834 Created spatialheatmap for succesfull basecalls.
2020-02-03 11:53:01,584 Nanoplotter: Creating timeplots using 3188748 reads.
2020-02-03 11:53:35,717 Nanoplotter: Creating timeplots using 3188748 reads.
2020-02-03 11:54:11,220 Created timeplots.
2020-02-03 11:54:11,221 Writing html report.
2020-02-03 11:55:09,751 Finished!
