2022-07-18 14:36:41,169 NanoPlot 1.39.0 started with arguments Namespace(N50=False, alength=False, bam=None, barcoded=False, color='#4CB391', colormap='Greens', cram=None, downsample=None, dpi=100, drop_outliers=False, fasta=None, fastq=['b07.filt.pchop.fastq.gz'], fastq_minimal=None, fastq_rich=None, feather=None, font_scale=1, format='png', hide_stats=False, huge=False, info_in_report=False, legacy=None, listcolormaps=False, listcolors=False, loglength=False, maxlength=None, minlength=None, minqual=None, no_N50=False, no_static=False, no_supplementary=False, outdir='NanoFilt', path='NanoFilt/', percentqual=False, pickle=None, plots=['kde', 'dot'], prefix='', raw=False, readtype='1D', runtime_until=None, store=False, summary=None, threads=10, title=None, tsv_stats=False, ubam=None, verbose=False)
2022-07-18 14:36:41,169 Python version is: 3.7.12 | packaged by conda-forge | (default, Oct 26 2021, 06:08:53)  [GCC 9.4.0]
2022-07-18 14:36:41,535 Nanoget: Starting to collect statistics from plain fastq file.
2022-07-18 14:36:41,537 Nanoget: Decompressing gzipped fastq b07.filt.pchop.fastq.gz
2022-07-18 14:47:38,196 Reduced DataFrame memory usage from 12.717338562011719Mb to 8.478225708007812Mb
2022-07-18 14:47:38,224 Nanoget: Gathered all metrics of 555629 reads
2022-07-18 14:47:38,422 Calculated statistics
2022-07-18 14:47:38,423 Using sequenced read lengths for plotting.
2022-07-18 14:47:38,442 NanoPlot:  Valid color #4CB391.
2022-07-18 14:47:38,443 NanoPlot:  Valid colormap Greens.
2022-07-18 14:47:38,465 NanoPlot:  Creating length plots for Read length.
2022-07-18 14:47:38,467 NanoPlot:  Using 555629 reads maximum of 94018bp.
2022-07-18 14:47:44,670 Saved NanoFilt/WeightedHistogramReadlength  as png (or png for --legacy)
2022-07-18 14:47:45,678 Saved NanoFilt/WeightedLogTransformed_HistogramReadlength  as png (or png for --legacy)
2022-07-18 14:47:46,587 Saved NanoFilt/Non_weightedHistogramReadlength  as png (or png for --legacy)
2022-07-18 14:47:47,482 Saved NanoFilt/Non_weightedLogTransformed_HistogramReadlength  as png (or png for --legacy)
2022-07-18 14:47:53,264 Saved NanoFilt/Yield_By_Length  as png (or png for --legacy)
2022-07-18 14:47:53,272 Created length plots
2022-07-18 14:47:53,291 NanoPlot: Creating Read lengths vs Average read quality plots using 555629 reads.
2022-07-18 14:47:55,161 Saved NanoFilt/LengthvsQualityScatterPlot_dot  as png (or png for --legacy)
2022-07-18 14:47:57,241 Saved NanoFilt/LengthvsQualityScatterPlot_kde  as png (or png for --legacy)
2022-07-18 14:47:57,533 Created LengthvsQual plot
2022-07-18 14:47:57,533 Writing html report.
2022-07-18 14:47:57,690 Finished!
